<?xml version="1.0" encoding="UTF-8"?>
<testng-results total="1" passed="1" failed="0" skipped="0">
  <reporter-output>
  </reporter-output>
  <suite started-at="2021-04-15T17:36:47Z" name="Proyecto2" finished-at="2021-04-15T17:36:47Z" duration-ms="27">
    <groups>
    </groups>
    <test started-at="2021-04-15T17:36:47Z" name="TestNG tests" finished-at="2021-04-15T17:36:47Z" duration-ms="27">
      <class name="proyecto2Logico.TablaHashNGTest">
        <test-method is-config="true" signature="setUpClass()[pri:0, instance:proyecto2Logico.TablaHashNGTest@5c3bd550]" started-at="2021-04-15T13:36:47Z" name="setUpClass" finished-at="2021-04-15T13:36:47Z" duration-ms="10" status="PASS">
          <reporter-output>
          </reporter-output>
        </test-method> <!-- setUpClass -->
        <test-method signature="testProyecto2()[pri:0, instance:proyecto2Logico.TablaHashNGTest@5c3bd550]" started-at="2021-04-15T13:36:47Z" name="testProyecto2" finished-at="2021-04-15T13:36:47Z" duration-ms="7" status="PASS">
          <reporter-output>
          </reporter-output>
        </test-method> <!-- testProyecto2 -->
        <test-method is-config="true" signature="setUpMethod()[pri:0, instance:proyecto2Logico.TablaHashNGTest@5c3bd550]" started-at="2021-04-15T13:36:47Z" name="setUpMethod" finished-at="2021-04-15T13:36:47Z" duration-ms="0" status="PASS">
          <reporter-output>
          </reporter-output>
        </test-method> <!-- setUpMethod -->
        <test-method is-config="true" signature="tearDownMethod()[pri:0, instance:proyecto2Logico.TablaHashNGTest@5c3bd550]" started-at="2021-04-15T13:36:47Z" name="tearDownMethod" finished-at="2021-04-15T13:36:47Z" duration-ms="0" status="PASS">
          <reporter-output>
          </reporter-output>
        </test-method> <!-- tearDownMethod -->
        <test-method is-config="true" signature="tearDownClass()[pri:0, instance:proyecto2Logico.TablaHashNGTest@5c3bd550]" started-at="2021-04-15T13:36:47Z" name="tearDownClass" finished-at="2021-04-15T13:36:47Z" duration-ms="1" status="PASS">
          <reporter-output>
          </reporter-output>
        </test-method> <!-- tearDownClass -->
      </class> <!-- proyecto2Logico.TablaHashNGTest -->
    </test> <!-- TestNG tests -->
  </suite> <!-- Proyecto2 -->
</testng-results>
