<?xml version="1.0" encoding="UTF-8"?>
<!-- Generated by org.testng.reporters.JUnitXMLReporter -->
<testsuite hostname="DESKTOP-GGE3GBI" failures="2" tests="2" name="proyecto2Logico.TablaHashNGTest" time="0.185" errors="0" timestamp="15 Apr 2021 13:31:07 GMT">
  <testcase classname="proyecto2Logico.TablaHashNGTest" name="testProyecto2" time="0.023">
    <failure type="java.lang.AssertionError" message="expected [-1] but found [7777777]">
      <![CDATA[java.lang.AssertionError: expected [-1] but found [7777777]
	at proyecto2Logico.TablaHashNGTest.testProyecto2(TablaHashNGTest.java:135)
... Removed 28 stack frames]]>
    </failure>
  </testcase> <!-- testProyecto2 -->
  <testcase classname="proyecto2Logico.TablaHashNGTest" name="testRemove" time="0.005">
    <failure type="java.lang.StringIndexOutOfBoundsException" message="String index out of range: 0">
      <![CDATA[java.lang.StringIndexOutOfBoundsException: String index out of range: 0
	at java.base/java.lang.StringLatin1.charAt(StringLatin1.java:47)
	at java.base/java.lang.String.charAt(String.java:702)
	at proyecto2Logico.TablaHash.myhash(Principal.java:136)
	at proyecto2Logico.TablaHash.remove(Principal.java:114)
	at proyecto2Logico.TablaHashNGTest.testRemove(TablaHashNGTest.java:158)
... Removed 23 stack frames]]>
    </failure>
  </testcase> <!-- testRemove -->
</testsuite> <!-- proyecto2Logico.TablaHashNGTest -->
