<?xml version="1.0" encoding="UTF-8"?>
<!-- Generated by org.testng.reporters.JUnitXMLReporter -->
<testsuite hostname="DESKTOP-GGE3GBI" failures="0" tests="12" name="tarea10.ColaPrioridadNGTest" time="0.375" errors="0" timestamp="15 Mar 2021 22:45:09 GMT">
  <testcase classname="tarea10.ColaPrioridadNGTest" name="testExtractMax" time="0.047"/>
  <testcase classname="tarea10.ColaPrioridadNGTest" name="testGetMax" time="0.0"/>
  <testcase classname="tarea10.ColaPrioridadNGTest" name="testInsert" time="0.0"/>
  <testcase classname="tarea10.ColaPrioridadNGTest" name="testLeftChildFinal" time="0.0"/>
  <testcase classname="tarea10.ColaPrioridadNGTest" name="testLeftChildInicio" time="0.0"/>
  <testcase classname="tarea10.ColaPrioridadNGTest" name="testLeftChildMedio" time="0.0"/>
  <testcase classname="tarea10.ColaPrioridadNGTest" name="testParentInicio" time="0.0"/>
  <testcase classname="tarea10.ColaPrioridadNGTest" name="testParentInicioFinal" time="0.0"/>
  <testcase classname="tarea10.ColaPrioridadNGTest" name="testParentMedio" time="0.0"/>
  <testcase classname="tarea10.ColaPrioridadNGTest" name="testRightChildFinal" time="0.0"/>
  <testcase classname="tarea10.ColaPrioridadNGTest" name="testRightChildInicio" time="0.0"/>
  <testcase classname="tarea10.ColaPrioridadNGTest" name="testRightChildMedio" time="0.0"/>
</testsuite> <!-- tarea10.ColaPrioridadNGTest -->
