<?xml version="1.0" encoding="UTF-8"?>
<testng-results total="18" passed="18" failed="0" skipped="0">
  <reporter-output>
  </reporter-output>
  <suite started-at="2021-03-16T06:19:33Z" name="tarea9" finished-at="2021-03-16T06:19:34Z" duration-ms="113">
    <groups>
    </groups>
    <test started-at="2021-03-16T06:19:33Z" name="TestNG tests" finished-at="2021-03-16T06:19:34Z" duration-ms="113">
      <class name="tarea9.HeapsortNGTest">
        <test-method is-config="true" signature="setUpClass()[pri:0, instance:tarea9.HeapsortNGTest@548e7350]" started-at="2021-03-16T02:19:33Z" name="setUpClass" finished-at="2021-03-16T02:19:33Z" duration-ms="8" status="PASS">
          <reporter-output>
          </reporter-output>
        </test-method> <!-- setUpClass -->
        <test-method is-config="true" signature="setUpMethod()[pri:0, instance:tarea9.HeapsortNGTest@548e7350]" started-at="2021-03-16T02:19:33Z" name="setUpMethod" finished-at="2021-03-16T02:19:33Z" duration-ms="1" status="PASS">
          <reporter-output>
          </reporter-output>
        </test-method> <!-- setUpMethod -->
        <test-method signature="testBuildMaxHeap()[pri:0, instance:tarea9.HeapsortNGTest@548e7350]" started-at="2021-03-16T02:19:33Z" name="testBuildMaxHeap" finished-at="2021-03-16T02:19:33Z" duration-ms="3" status="PASS">
          <reporter-output>
          </reporter-output>
        </test-method> <!-- testBuildMaxHeap -->
        <test-method is-config="true" signature="setUpMethod()[pri:0, instance:tarea9.HeapsortNGTest@548e7350]" started-at="2021-03-16T02:19:33Z" name="setUpMethod" finished-at="2021-03-16T02:19:33Z" duration-ms="0" status="PASS">
          <reporter-output>
          </reporter-output>
        </test-method> <!-- setUpMethod -->
        <test-method is-config="true" signature="tearDownMethod()[pri:0, instance:tarea9.HeapsortNGTest@548e7350]" started-at="2021-03-16T02:19:33Z" name="tearDownMethod" finished-at="2021-03-16T02:19:33Z" duration-ms="0" status="PASS">
          <reporter-output>
          </reporter-output>
        </test-method> <!-- tearDownMethod -->
        <test-method signature="testBuildMinHeap()[pri:0, instance:tarea9.HeapsortNGTest@548e7350]" started-at="2021-03-16T02:19:33Z" name="testBuildMinHeap" finished-at="2021-03-16T02:19:33Z" duration-ms="1" status="PASS">
          <reporter-output>
          </reporter-output>
        </test-method> <!-- testBuildMinHeap -->
        <test-method is-config="true" signature="tearDownMethod()[pri:0, instance:tarea9.HeapsortNGTest@548e7350]" started-at="2021-03-16T02:19:33Z" name="tearDownMethod" finished-at="2021-03-16T02:19:33Z" duration-ms="0" status="PASS">
          <reporter-output>
          </reporter-output>
        </test-method> <!-- tearDownMethod -->
        <test-method signature="testExtractMax()[pri:0, instance:tarea9.HeapsortNGTest@548e7350]" started-at="2021-03-16T02:19:33Z" name="testExtractMax" finished-at="2021-03-16T02:19:33Z" duration-ms="1" status="PASS">
          <reporter-output>
          </reporter-output>
        </test-method> <!-- testExtractMax -->
        <test-method is-config="true" signature="setUpMethod()[pri:0, instance:tarea9.HeapsortNGTest@548e7350]" started-at="2021-03-16T02:19:33Z" name="setUpMethod" finished-at="2021-03-16T02:19:33Z" duration-ms="0" status="PASS">
          <reporter-output>
          </reporter-output>
        </test-method> <!-- setUpMethod -->
        <test-method is-config="true" signature="setUpMethod()[pri:0, instance:tarea9.HeapsortNGTest@548e7350]" started-at="2021-03-16T02:19:33Z" name="setUpMethod" finished-at="2021-03-16T02:19:33Z" duration-ms="0" status="PASS">
          <reporter-output>
          </reporter-output>
        </test-method> <!-- setUpMethod -->
        <test-method is-config="true" signature="tearDownMethod()[pri:0, instance:tarea9.HeapsortNGTest@548e7350]" started-at="2021-03-16T02:19:33Z" name="tearDownMethod" finished-at="2021-03-16T02:19:33Z" duration-ms="0" status="PASS">
          <reporter-output>
          </reporter-output>
        </test-method> <!-- tearDownMethod -->
        <test-method signature="testHeapsortAscendente()[pri:0, instance:tarea9.HeapsortNGTest@548e7350]" started-at="2021-03-16T02:19:33Z" name="testHeapsortAscendente" finished-at="2021-03-16T02:19:33Z" duration-ms="0" status="PASS">
          <reporter-output>
          </reporter-output>
        </test-method> <!-- testHeapsortAscendente -->
        <test-method is-config="true" signature="setUpMethod()[pri:0, instance:tarea9.HeapsortNGTest@548e7350]" started-at="2021-03-16T02:19:33Z" name="setUpMethod" finished-at="2021-03-16T02:19:33Z" duration-ms="1" status="PASS">
          <reporter-output>
          </reporter-output>
        </test-method> <!-- setUpMethod -->
        <test-method is-config="true" signature="tearDownMethod()[pri:0, instance:tarea9.HeapsortNGTest@548e7350]" started-at="2021-03-16T02:19:33Z" name="tearDownMethod" finished-at="2021-03-16T02:19:33Z" duration-ms="0" status="PASS">
          <reporter-output>
          </reporter-output>
        </test-method> <!-- tearDownMethod -->
        <test-method is-config="true" signature="tearDownMethod()[pri:0, instance:tarea9.HeapsortNGTest@548e7350]" started-at="2021-03-16T02:19:33Z" name="tearDownMethod" finished-at="2021-03-16T02:19:33Z" duration-ms="0" status="PASS">
          <reporter-output>
          </reporter-output>
        </test-method> <!-- tearDownMethod -->
        <test-method is-config="true" signature="setUpMethod()[pri:0, instance:tarea9.HeapsortNGTest@548e7350]" started-at="2021-03-16T02:19:33Z" name="setUpMethod" finished-at="2021-03-16T02:19:33Z" duration-ms="1" status="PASS">
          <reporter-output>
          </reporter-output>
        </test-method> <!-- setUpMethod -->
        <test-method signature="testHeapsortDescendente()[pri:0, instance:tarea9.HeapsortNGTest@548e7350]" started-at="2021-03-16T02:19:33Z" name="testHeapsortDescendente" finished-at="2021-03-16T02:19:33Z" duration-ms="0" status="PASS">
          <reporter-output>
          </reporter-output>
        </test-method> <!-- testHeapsortDescendente -->
        <test-method signature="testHijoDerechaFinal()[pri:0, instance:tarea9.HeapsortNGTest@548e7350]" started-at="2021-03-16T02:19:33Z" name="testHijoDerechaFinal" finished-at="2021-03-16T02:19:33Z" duration-ms="0" status="PASS">
          <reporter-output>
          </reporter-output>
        </test-method> <!-- testHijoDerechaFinal -->
        <test-method is-config="true" signature="tearDownMethod()[pri:0, instance:tarea9.HeapsortNGTest@548e7350]" started-at="2021-03-16T02:19:34Z" name="tearDownMethod" finished-at="2021-03-16T02:19:34Z" duration-ms="1" status="PASS">
          <reporter-output>
          </reporter-output>
        </test-method> <!-- tearDownMethod -->
        <test-method is-config="true" signature="setUpMethod()[pri:0, instance:tarea9.HeapsortNGTest@548e7350]" started-at="2021-03-16T02:19:34Z" name="setUpMethod" finished-at="2021-03-16T02:19:34Z" duration-ms="1" status="PASS">
          <reporter-output>
          </reporter-output>
        </test-method> <!-- setUpMethod -->
        <test-method signature="testHijoDerechaInicio()[pri:0, instance:tarea9.HeapsortNGTest@548e7350]" started-at="2021-03-16T02:19:34Z" name="testHijoDerechaInicio" finished-at="2021-03-16T02:19:34Z" duration-ms="1" status="PASS">
          <reporter-output>
          </reporter-output>
        </test-method> <!-- testHijoDerechaInicio -->
        <test-method is-config="true" signature="tearDownMethod()[pri:0, instance:tarea9.HeapsortNGTest@548e7350]" started-at="2021-03-16T02:19:34Z" name="tearDownMethod" finished-at="2021-03-16T02:19:34Z" duration-ms="1" status="PASS">
          <reporter-output>
          </reporter-output>
        </test-method> <!-- tearDownMethod -->
        <test-method is-config="true" signature="setUpMethod()[pri:0, instance:tarea9.HeapsortNGTest@548e7350]" started-at="2021-03-16T02:19:34Z" name="setUpMethod" finished-at="2021-03-16T02:19:34Z" duration-ms="1" status="PASS">
          <reporter-output>
          </reporter-output>
        </test-method> <!-- setUpMethod -->
        <test-method signature="testHijoDerechaMedio()[pri:0, instance:tarea9.HeapsortNGTest@548e7350]" started-at="2021-03-16T02:19:34Z" name="testHijoDerechaMedio" finished-at="2021-03-16T02:19:34Z" duration-ms="1" status="PASS">
          <reporter-output>
          </reporter-output>
        </test-method> <!-- testHijoDerechaMedio -->
        <test-method is-config="true" signature="tearDownMethod()[pri:0, instance:tarea9.HeapsortNGTest@548e7350]" started-at="2021-03-16T02:19:34Z" name="tearDownMethod" finished-at="2021-03-16T02:19:34Z" duration-ms="1" status="PASS">
          <reporter-output>
          </reporter-output>
        </test-method> <!-- tearDownMethod -->
        <test-method is-config="true" signature="setUpMethod()[pri:0, instance:tarea9.HeapsortNGTest@548e7350]" started-at="2021-03-16T02:19:34Z" name="setUpMethod" finished-at="2021-03-16T02:19:34Z" duration-ms="0" status="PASS">
          <reporter-output>
          </reporter-output>
        </test-method> <!-- setUpMethod -->
        <test-method signature="testHijoIzqFinal()[pri:0, instance:tarea9.HeapsortNGTest@548e7350]" started-at="2021-03-16T02:19:34Z" name="testHijoIzqFinal" finished-at="2021-03-16T02:19:34Z" duration-ms="0" status="PASS">
          <reporter-output>
          </reporter-output>
        </test-method> <!-- testHijoIzqFinal -->
        <test-method is-config="true" signature="tearDownMethod()[pri:0, instance:tarea9.HeapsortNGTest@548e7350]" started-at="2021-03-16T02:19:34Z" name="tearDownMethod" finished-at="2021-03-16T02:19:34Z" duration-ms="0" status="PASS">
          <reporter-output>
          </reporter-output>
        </test-method> <!-- tearDownMethod -->
        <test-method is-config="true" signature="setUpMethod()[pri:0, instance:tarea9.HeapsortNGTest@548e7350]" started-at="2021-03-16T02:19:34Z" name="setUpMethod" finished-at="2021-03-16T02:19:34Z" duration-ms="0" status="PASS">
          <reporter-output>
          </reporter-output>
        </test-method> <!-- setUpMethod -->
        <test-method signature="testHijoIzqInicio()[pri:0, instance:tarea9.HeapsortNGTest@548e7350]" started-at="2021-03-16T02:19:34Z" name="testHijoIzqInicio" finished-at="2021-03-16T02:19:34Z" duration-ms="0" status="PASS">
          <reporter-output>
          </reporter-output>
        </test-method> <!-- testHijoIzqInicio -->
        <test-method is-config="true" signature="tearDownMethod()[pri:0, instance:tarea9.HeapsortNGTest@548e7350]" started-at="2021-03-16T02:19:34Z" name="tearDownMethod" finished-at="2021-03-16T02:19:34Z" duration-ms="0" status="PASS">
          <reporter-output>
          </reporter-output>
        </test-method> <!-- tearDownMethod -->
        <test-method is-config="true" signature="setUpMethod()[pri:0, instance:tarea9.HeapsortNGTest@548e7350]" started-at="2021-03-16T02:19:34Z" name="setUpMethod" finished-at="2021-03-16T02:19:34Z" duration-ms="1" status="PASS">
          <reporter-output>
          </reporter-output>
        </test-method> <!-- setUpMethod -->
        <test-method signature="testHijoIzqMedio()[pri:0, instance:tarea9.HeapsortNGTest@548e7350]" started-at="2021-03-16T02:19:34Z" name="testHijoIzqMedio" finished-at="2021-03-16T02:19:34Z" duration-ms="1" status="PASS">
          <reporter-output>
          </reporter-output>
        </test-method> <!-- testHijoIzqMedio -->
        <test-method is-config="true" signature="tearDownMethod()[pri:0, instance:tarea9.HeapsortNGTest@548e7350]" started-at="2021-03-16T02:19:34Z" name="tearDownMethod" finished-at="2021-03-16T02:19:34Z" duration-ms="1" status="PASS">
          <reporter-output>
          </reporter-output>
        </test-method> <!-- tearDownMethod -->
        <test-method is-config="true" signature="setUpMethod()[pri:0, instance:tarea9.HeapsortNGTest@548e7350]" started-at="2021-03-16T02:19:34Z" name="setUpMethod" finished-at="2021-03-16T02:19:34Z" duration-ms="1" status="PASS">
          <reporter-output>
          </reporter-output>
        </test-method> <!-- setUpMethod -->
        <test-method signature="testMaxHeapify()[pri:0, instance:tarea9.HeapsortNGTest@548e7350]" started-at="2021-03-16T02:19:34Z" name="testMaxHeapify" finished-at="2021-03-16T02:19:34Z" duration-ms="1" status="PASS">
          <reporter-output>
          </reporter-output>
        </test-method> <!-- testMaxHeapify -->
        <test-method is-config="true" signature="tearDownMethod()[pri:0, instance:tarea9.HeapsortNGTest@548e7350]" started-at="2021-03-16T02:19:34Z" name="tearDownMethod" finished-at="2021-03-16T02:19:34Z" duration-ms="1" status="PASS">
          <reporter-output>
          </reporter-output>
        </test-method> <!-- tearDownMethod -->
        <test-method is-config="true" signature="setUpMethod()[pri:0, instance:tarea9.HeapsortNGTest@548e7350]" started-at="2021-03-16T02:19:34Z" name="setUpMethod" finished-at="2021-03-16T02:19:34Z" duration-ms="1" status="PASS">
          <reporter-output>
          </reporter-output>
        </test-method> <!-- setUpMethod -->
        <test-method is-config="true" signature="tearDownMethod()[pri:0, instance:tarea9.HeapsortNGTest@548e7350]" started-at="2021-03-16T02:19:34Z" name="tearDownMethod" finished-at="2021-03-16T02:19:34Z" duration-ms="0" status="PASS">
          <reporter-output>
          </reporter-output>
        </test-method> <!-- tearDownMethod -->
        <test-method signature="testMaxInsert()[pri:0, instance:tarea9.HeapsortNGTest@548e7350]" started-at="2021-03-16T02:19:34Z" name="testMaxInsert" finished-at="2021-03-16T02:19:34Z" duration-ms="0" status="PASS">
          <reporter-output>
          </reporter-output>
        </test-method> <!-- testMaxInsert -->
        <test-method is-config="true" signature="setUpMethod()[pri:0, instance:tarea9.HeapsortNGTest@548e7350]" started-at="2021-03-16T02:19:34Z" name="setUpMethod" finished-at="2021-03-16T02:19:34Z" duration-ms="0" status="PASS">
          <reporter-output>
          </reporter-output>
        </test-method> <!-- setUpMethod -->
        <test-method signature="testMaximum()[pri:0, instance:tarea9.HeapsortNGTest@548e7350]" started-at="2021-03-16T02:19:34Z" name="testMaximum" finished-at="2021-03-16T02:19:34Z" duration-ms="1" status="PASS">
          <reporter-output>
          </reporter-output>
        </test-method> <!-- testMaximum -->
        <test-method is-config="true" signature="setUpMethod()[pri:0, instance:tarea9.HeapsortNGTest@548e7350]" started-at="2021-03-16T02:19:34Z" name="setUpMethod" finished-at="2021-03-16T02:19:34Z" duration-ms="1" status="PASS">
          <reporter-output>
          </reporter-output>
        </test-method> <!-- setUpMethod -->
        <test-method is-config="true" signature="tearDownMethod()[pri:0, instance:tarea9.HeapsortNGTest@548e7350]" started-at="2021-03-16T02:19:34Z" name="tearDownMethod" finished-at="2021-03-16T02:19:34Z" duration-ms="0" status="PASS">
          <reporter-output>
          </reporter-output>
        </test-method> <!-- tearDownMethod -->
        <test-method signature="testMinHeapify()[pri:0, instance:tarea9.HeapsortNGTest@548e7350]" started-at="2021-03-16T02:19:34Z" name="testMinHeapify" finished-at="2021-03-16T02:19:34Z" duration-ms="1" status="PASS">
          <reporter-output>
          </reporter-output>
        </test-method> <!-- testMinHeapify -->
        <test-method is-config="true" signature="setUpMethod()[pri:0, instance:tarea9.HeapsortNGTest@548e7350]" started-at="2021-03-16T02:19:34Z" name="setUpMethod" finished-at="2021-03-16T02:19:34Z" duration-ms="1" status="PASS">
          <reporter-output>
          </reporter-output>
        </test-method> <!-- setUpMethod -->
        <test-method is-config="true" signature="tearDownMethod()[pri:0, instance:tarea9.HeapsortNGTest@548e7350]" started-at="2021-03-16T02:19:34Z" name="tearDownMethod" finished-at="2021-03-16T02:19:34Z" duration-ms="0" status="PASS">
          <reporter-output>
          </reporter-output>
        </test-method> <!-- tearDownMethod -->
        <test-method is-config="true" signature="tearDownMethod()[pri:0, instance:tarea9.HeapsortNGTest@548e7350]" started-at="2021-03-16T02:19:34Z" name="tearDownMethod" finished-at="2021-03-16T02:19:34Z" duration-ms="1" status="PASS">
          <reporter-output>
          </reporter-output>
        </test-method> <!-- tearDownMethod -->
        <test-method signature="testPadreFinal()[pri:0, instance:tarea9.HeapsortNGTest@548e7350]" started-at="2021-03-16T02:19:34Z" name="testPadreFinal" finished-at="2021-03-16T02:19:34Z" duration-ms="0" status="PASS">
          <reporter-output>
          </reporter-output>
        </test-method> <!-- testPadreFinal -->
        <test-method is-config="true" signature="setUpMethod()[pri:0, instance:tarea9.HeapsortNGTest@548e7350]" started-at="2021-03-16T02:19:34Z" name="setUpMethod" finished-at="2021-03-16T02:19:34Z" duration-ms="1" status="PASS">
          <reporter-output>
          </reporter-output>
        </test-method> <!-- setUpMethod -->
        <test-method signature="testPadreInicio()[pri:0, instance:tarea9.HeapsortNGTest@548e7350]" started-at="2021-03-16T02:19:34Z" name="testPadreInicio" finished-at="2021-03-16T02:19:34Z" duration-ms="5" status="PASS">
          <reporter-output>
          </reporter-output>
        </test-method> <!-- testPadreInicio -->
        <test-method is-config="true" signature="tearDownMethod()[pri:0, instance:tarea9.HeapsortNGTest@548e7350]" started-at="2021-03-16T02:19:34Z" name="tearDownMethod" finished-at="2021-03-16T02:19:34Z" duration-ms="0" status="PASS">
          <reporter-output>
          </reporter-output>
        </test-method> <!-- tearDownMethod -->
        <test-method is-config="true" signature="setUpMethod()[pri:0, instance:tarea9.HeapsortNGTest@548e7350]" started-at="2021-03-16T02:19:34Z" name="setUpMethod" finished-at="2021-03-16T02:19:34Z" duration-ms="0" status="PASS">
          <reporter-output>
          </reporter-output>
        </test-method> <!-- setUpMethod -->
        <test-method signature="testPadreMedio()[pri:0, instance:tarea9.HeapsortNGTest@548e7350]" started-at="2021-03-16T02:19:34Z" name="testPadreMedio" finished-at="2021-03-16T02:19:34Z" duration-ms="3" status="PASS">
          <reporter-output>
          </reporter-output>
        </test-method> <!-- testPadreMedio -->
        <test-method is-config="true" signature="tearDownMethod()[pri:0, instance:tarea9.HeapsortNGTest@548e7350]" started-at="2021-03-16T02:19:34Z" name="tearDownMethod" finished-at="2021-03-16T02:19:34Z" duration-ms="0" status="PASS">
          <reporter-output>
          </reporter-output>
        </test-method> <!-- tearDownMethod -->
        <test-method is-config="true" signature="tearDownClass()[pri:0, instance:tarea9.HeapsortNGTest@548e7350]" started-at="2021-03-16T02:19:34Z" name="tearDownClass" finished-at="2021-03-16T02:19:34Z" duration-ms="0" status="PASS">
          <reporter-output>
          </reporter-output>
        </test-method> <!-- tearDownClass -->
      </class> <!-- tarea9.HeapsortNGTest -->
    </test> <!-- TestNG tests -->
  </suite> <!-- tarea9 -->
</testng-results>
