<?xml version="1.0" encoding="UTF-8"?>
<testng-results total="6" passed="6" failed="0" skipped="0">
  <reporter-output>
  </reporter-output>
  <suite started-at="2021-04-08T02:09:43Z" name="tarea13" finished-at="2021-04-08T02:09:43Z" duration-ms="76">
    <groups>
    </groups>
    <test started-at="2021-04-08T02:09:43Z" name="TestNG tests" finished-at="2021-04-08T02:09:43Z" duration-ms="76">
      <class name="tarea13.Tarea13NGTest">
        <test-method is-config="true" signature="setUpClass()[pri:0, instance:tarea13.Tarea13NGTest@6a41eaa2]" started-at="2021-04-07T22:09:43Z" name="setUpClass" finished-at="2021-04-07T22:09:43Z" duration-ms="12" status="PASS">
          <reporter-output>
          </reporter-output>
        </test-method> <!-- setUpClass -->
        <test-method is-config="true" signature="setUpMethod()[pri:0, instance:tarea13.Tarea13NGTest@6a41eaa2]" started-at="2021-04-07T22:09:43Z" name="setUpMethod" finished-at="2021-04-07T22:09:43Z" duration-ms="0" status="PASS">
          <reporter-output>
          </reporter-output>
        </test-method> <!-- setUpMethod -->
        <test-method signature="testConstruir_()[pri:0, instance:tarea13.Tarea13NGTest@6a41eaa2]" started-at="2021-04-07T22:09:43Z" name="testConstruir_" finished-at="2021-04-07T22:09:43Z" duration-ms="4" status="PASS">
          <reporter-output>
          </reporter-output>
        </test-method> <!-- testConstruir_ -->
        <test-method is-config="true" signature="tearDownMethod()[pri:0, instance:tarea13.Tarea13NGTest@6a41eaa2]" started-at="2021-04-07T22:09:43Z" name="tearDownMethod" finished-at="2021-04-07T22:09:43Z" duration-ms="1" status="PASS">
          <reporter-output>
          </reporter-output>
        </test-method> <!-- tearDownMethod -->
        <test-method signature="testConstruir_parentesis()[pri:0, instance:tarea13.Tarea13NGTest@6a41eaa2]" started-at="2021-04-07T22:09:43Z" name="testConstruir_parentesis" finished-at="2021-04-07T22:09:43Z" duration-ms="1" status="PASS">
          <reporter-output>
          </reporter-output>
        </test-method> <!-- testConstruir_parentesis -->
        <test-method is-config="true" signature="setUpMethod()[pri:0, instance:tarea13.Tarea13NGTest@6a41eaa2]" started-at="2021-04-07T22:09:43Z" name="setUpMethod" finished-at="2021-04-07T22:09:43Z" duration-ms="0" status="PASS">
          <reporter-output>
          </reporter-output>
        </test-method> <!-- setUpMethod -->
        <test-method is-config="true" signature="tearDownMethod()[pri:0, instance:tarea13.Tarea13NGTest@6a41eaa2]" started-at="2021-04-07T22:09:43Z" name="tearDownMethod" finished-at="2021-04-07T22:09:43Z" duration-ms="0" status="PASS">
          <reporter-output>
          </reporter-output>
        </test-method> <!-- tearDownMethod -->
        <test-method signature="testConstruir_parentesisIgual()[pri:0, instance:tarea13.Tarea13NGTest@6a41eaa2]" started-at="2021-04-07T22:09:43Z" name="testConstruir_parentesisIgual" finished-at="2021-04-07T22:09:43Z" duration-ms="0" status="PASS">
          <reporter-output>
          </reporter-output>
        </test-method> <!-- testConstruir_parentesisIgual -->
        <test-method is-config="true" signature="setUpMethod()[pri:0, instance:tarea13.Tarea13NGTest@6a41eaa2]" started-at="2021-04-07T22:09:43Z" name="setUpMethod" finished-at="2021-04-07T22:09:43Z" duration-ms="0" status="PASS">
          <reporter-output>
          </reporter-output>
        </test-method> <!-- setUpMethod -->
        <test-method is-config="true" signature="tearDownMethod()[pri:0, instance:tarea13.Tarea13NGTest@6a41eaa2]" started-at="2021-04-07T22:09:43Z" name="tearDownMethod" finished-at="2021-04-07T22:09:43Z" duration-ms="0" status="PASS">
          <reporter-output>
          </reporter-output>
        </test-method> <!-- tearDownMethod -->
        <test-method is-config="true" signature="setUpMethod()[pri:0, instance:tarea13.Tarea13NGTest@6a41eaa2]" started-at="2021-04-07T22:09:43Z" name="setUpMethod" finished-at="2021-04-07T22:09:43Z" duration-ms="0" status="PASS">
          <reporter-output>
          </reporter-output>
        </test-method> <!-- setUpMethod -->
        <test-method is-config="true" signature="setUpMethod()[pri:0, instance:tarea13.Tarea13NGTest@6a41eaa2]" started-at="2021-04-07T22:09:43Z" name="setUpMethod" finished-at="2021-04-07T22:09:43Z" duration-ms="0" status="PASS">
          <reporter-output>
          </reporter-output>
        </test-method> <!-- setUpMethod -->
        <test-method signature="testConstruir_simple()[pri:0, instance:tarea13.Tarea13NGTest@6a41eaa2]" started-at="2021-04-07T22:09:43Z" name="testConstruir_simple" finished-at="2021-04-07T22:09:43Z" duration-ms="0" status="PASS">
          <reporter-output>
          </reporter-output>
        </test-method> <!-- testConstruir_simple -->
        <test-method is-config="true" signature="tearDownMethod()[pri:0, instance:tarea13.Tarea13NGTest@6a41eaa2]" started-at="2021-04-07T22:09:43Z" name="tearDownMethod" finished-at="2021-04-07T22:09:43Z" duration-ms="0" status="PASS">
          <reporter-output>
          </reporter-output>
        </test-method> <!-- tearDownMethod -->
        <test-method is-config="true" signature="tearDownMethod()[pri:0, instance:tarea13.Tarea13NGTest@6a41eaa2]" started-at="2021-04-07T22:09:43Z" name="tearDownMethod" finished-at="2021-04-07T22:09:43Z" duration-ms="0" status="PASS">
          <reporter-output>
          </reporter-output>
        </test-method> <!-- tearDownMethod -->
        <test-method signature="testConstruir_todos()[pri:0, instance:tarea13.Tarea13NGTest@6a41eaa2]" started-at="2021-04-07T22:09:43Z" name="testConstruir_todos" finished-at="2021-04-07T22:09:43Z" duration-ms="0" status="PASS">
          <reporter-output>
          </reporter-output>
        </test-method> <!-- testConstruir_todos -->
        <test-method is-config="true" signature="setUpMethod()[pri:0, instance:tarea13.Tarea13NGTest@6a41eaa2]" started-at="2021-04-07T22:09:43Z" name="setUpMethod" finished-at="2021-04-07T22:09:43Z" duration-ms="0" status="PASS">
          <reporter-output>
          </reporter-output>
        </test-method> <!-- setUpMethod -->
        <test-method signature="testConstruir_todosParent()[pri:0, instance:tarea13.Tarea13NGTest@6a41eaa2]" started-at="2021-04-07T22:09:43Z" name="testConstruir_todosParent" finished-at="2021-04-07T22:09:43Z" duration-ms="0" status="PASS">
          <reporter-output>
          </reporter-output>
        </test-method> <!-- testConstruir_todosParent -->
        <test-method is-config="true" signature="tearDownMethod()[pri:0, instance:tarea13.Tarea13NGTest@6a41eaa2]" started-at="2021-04-07T22:09:43Z" name="tearDownMethod" finished-at="2021-04-07T22:09:43Z" duration-ms="34" status="PASS">
          <reporter-output>
          </reporter-output>
        </test-method> <!-- tearDownMethod -->
        <test-method is-config="true" signature="tearDownClass()[pri:0, instance:tarea13.Tarea13NGTest@6a41eaa2]" started-at="2021-04-07T22:09:43Z" name="tearDownClass" finished-at="2021-04-07T22:09:43Z" duration-ms="1" status="PASS">
          <reporter-output>
          </reporter-output>
        </test-method> <!-- tearDownClass -->
      </class> <!-- tarea13.Tarea13NGTest -->
    </test> <!-- TestNG tests -->
  </suite> <!-- tarea13 -->
</testng-results>
