<?xml version="1.0" encoding="UTF-8"?>
<testng-results total="16" passed="16" failed="0" skipped="0">
  <reporter-output>
  </reporter-output>
  <suite started-at="2021-02-03T01:30:11Z" name="Esttarea4" finished-at="2021-02-03T01:30:11Z" duration-ms="196">
    <groups>
    </groups>
    <test started-at="2021-02-03T01:30:11Z" name="TestNG tests" finished-at="2021-02-03T01:30:11Z" duration-ms="196">
      <class name="esttarea4.Esttarea4NGTest">
        <test-method is-config="true" signature="setUpClass()[pri:0, instance:esttarea4.Esttarea4NGTest@6b1274d2]" started-at="2021-02-02T21:30:11Z" name="setUpClass" finished-at="2021-02-02T21:30:11Z" duration-ms="11" status="PASS">
          <reporter-output>
          </reporter-output>
        </test-method> <!-- setUpClass -->
        <test-method signature="testBSDEsorden()[pri:0, instance:esttarea4.Esttarea4NGTest@6b1274d2]" started-at="2021-02-02T21:30:11Z" name="testBSDEsorden" finished-at="2021-02-02T21:30:11Z" duration-ms="7" status="PASS">
          <reporter-output>
          </reporter-output>
        </test-method> <!-- testBSDEsorden -->
        <test-method is-config="true" signature="setUpMethod()[pri:0, instance:esttarea4.Esttarea4NGTest@6b1274d2]" started-at="2021-02-02T21:30:11Z" name="setUpMethod" finished-at="2021-02-02T21:30:11Z" duration-ms="0" status="PASS">
          <reporter-output>
          </reporter-output>
        </test-method> <!-- setUpMethod -->
        <test-method is-config="true" signature="tearDownMethod()[pri:0, instance:esttarea4.Esttarea4NGTest@6b1274d2]" started-at="2021-02-02T21:30:11Z" name="tearDownMethod" finished-at="2021-02-02T21:30:11Z" duration-ms="0" status="PASS">
          <reporter-output>
          </reporter-output>
        </test-method> <!-- tearDownMethod -->
        <test-method is-config="true" signature="setUpMethod()[pri:0, instance:esttarea4.Esttarea4NGTest@6b1274d2]" started-at="2021-02-02T21:30:11Z" name="setUpMethod" finished-at="2021-02-02T21:30:11Z" duration-ms="1" status="PASS">
          <reporter-output>
          </reporter-output>
        </test-method> <!-- setUpMethod -->
        <test-method signature="testBSmuchosElementos()[pri:0, instance:esttarea4.Esttarea4NGTest@6b1274d2]" started-at="2021-02-02T21:30:11Z" name="testBSmuchosElementos" finished-at="2021-02-02T21:30:11Z" duration-ms="0" status="PASS">
          <reporter-output>
          </reporter-output>
        </test-method> <!-- testBSmuchosElementos -->
        <test-method is-config="true" signature="tearDownMethod()[pri:0, instance:esttarea4.Esttarea4NGTest@6b1274d2]" started-at="2021-02-02T21:30:11Z" name="tearDownMethod" finished-at="2021-02-02T21:30:11Z" duration-ms="1" status="PASS">
          <reporter-output>
          </reporter-output>
        </test-method> <!-- tearDownMethod -->
        <test-method is-config="true" signature="setUpMethod()[pri:0, instance:esttarea4.Esttarea4NGTest@6b1274d2]" started-at="2021-02-02T21:30:11Z" name="setUpMethod" finished-at="2021-02-02T21:30:11Z" duration-ms="0" status="PASS">
          <reporter-output>
          </reporter-output>
        </test-method> <!-- setUpMethod -->
        <test-method is-config="true" signature="tearDownMethod()[pri:0, instance:esttarea4.Esttarea4NGTest@6b1274d2]" started-at="2021-02-02T21:30:11Z" name="tearDownMethod" finished-at="2021-02-02T21:30:11Z" duration-ms="1" status="PASS">
          <reporter-output>
          </reporter-output>
        </test-method> <!-- tearDownMethod -->
        <test-method signature="testBSorden()[pri:0, instance:esttarea4.Esttarea4NGTest@6b1274d2]" started-at="2021-02-02T21:30:11Z" name="testBSorden" finished-at="2021-02-02T21:30:11Z" duration-ms="0" status="PASS">
          <reporter-output>
          </reporter-output>
        </test-method> <!-- testBSorden -->
        <test-method is-config="true" signature="setUpMethod()[pri:0, instance:esttarea4.Esttarea4NGTest@6b1274d2]" started-at="2021-02-02T21:30:11Z" name="setUpMethod" finished-at="2021-02-02T21:30:11Z" duration-ms="0" status="PASS">
          <reporter-output>
          </reporter-output>
        </test-method> <!-- setUpMethod -->
        <test-method signature="testBSunElementodesorden()[pri:0, instance:esttarea4.Esttarea4NGTest@6b1274d2]" started-at="2021-02-02T21:30:11Z" name="testBSunElementodesorden" finished-at="2021-02-02T21:30:11Z" duration-ms="1" status="PASS">
          <reporter-output>
          </reporter-output>
        </test-method> <!-- testBSunElementodesorden -->
        <test-method is-config="true" signature="setUpMethod()[pri:0, instance:esttarea4.Esttarea4NGTest@6b1274d2]" started-at="2021-02-02T21:30:11Z" name="setUpMethod" finished-at="2021-02-02T21:30:11Z" duration-ms="1" status="PASS">
          <reporter-output>
          </reporter-output>
        </test-method> <!-- setUpMethod -->
        <test-method is-config="true" signature="tearDownMethod()[pri:0, instance:esttarea4.Esttarea4NGTest@6b1274d2]" started-at="2021-02-02T21:30:11Z" name="tearDownMethod" finished-at="2021-02-02T21:30:11Z" duration-ms="0" status="PASS">
          <reporter-output>
          </reporter-output>
        </test-method> <!-- tearDownMethod -->
        <test-method is-config="true" signature="tearDownMethod()[pri:0, instance:esttarea4.Esttarea4NGTest@6b1274d2]" started-at="2021-02-02T21:30:11Z" name="tearDownMethod" finished-at="2021-02-02T21:30:11Z" duration-ms="1" status="PASS">
          <reporter-output>
          </reporter-output>
        </test-method> <!-- tearDownMethod -->
        <test-method signature="testBSunico()[pri:0, instance:esttarea4.Esttarea4NGTest@6b1274d2]" started-at="2021-02-02T21:30:11Z" name="testBSunico" finished-at="2021-02-02T21:30:11Z" duration-ms="0" status="PASS">
          <reporter-output>
          </reporter-output>
        </test-method> <!-- testBSunico -->
        <test-method is-config="true" signature="setUpMethod()[pri:0, instance:esttarea4.Esttarea4NGTest@6b1274d2]" started-at="2021-02-02T21:30:11Z" name="setUpMethod" finished-at="2021-02-02T21:30:11Z" duration-ms="1" status="PASS">
          <reporter-output>
          </reporter-output>
        </test-method> <!-- setUpMethod -->
        <test-method signature="testInsertionSortDesordenTotal()[pri:0, instance:esttarea4.Esttarea4NGTest@6b1274d2]" started-at="2021-02-02T21:30:11Z" name="testInsertionSortDesordenTotal" finished-at="2021-02-02T21:30:11Z" duration-ms="60" status="PASS">
          <reporter-output>
          </reporter-output>
        </test-method> <!-- testInsertionSortDesordenTotal -->
        <test-method is-config="true" signature="tearDownMethod()[pri:0, instance:esttarea4.Esttarea4NGTest@6b1274d2]" started-at="2021-02-02T21:30:11Z" name="tearDownMethod" finished-at="2021-02-02T21:30:11Z" duration-ms="1" status="PASS">
          <reporter-output>
          </reporter-output>
        </test-method> <!-- tearDownMethod -->
        <test-method is-config="true" signature="setUpMethod()[pri:0, instance:esttarea4.Esttarea4NGTest@6b1274d2]" started-at="2021-02-02T21:30:11Z" name="setUpMethod" finished-at="2021-02-02T21:30:11Z" duration-ms="2" status="PASS">
          <reporter-output>
          </reporter-output>
        </test-method> <!-- setUpMethod -->
        <test-method signature="testInsertionSortMuchos()[pri:0, instance:esttarea4.Esttarea4NGTest@6b1274d2]" started-at="2021-02-02T21:30:11Z" name="testInsertionSortMuchos" finished-at="2021-02-02T21:30:11Z" duration-ms="3" status="PASS">
          <reporter-output>
          </reporter-output>
        </test-method> <!-- testInsertionSortMuchos -->
        <test-method is-config="true" signature="tearDownMethod()[pri:0, instance:esttarea4.Esttarea4NGTest@6b1274d2]" started-at="2021-02-02T21:30:11Z" name="tearDownMethod" finished-at="2021-02-02T21:30:11Z" duration-ms="1" status="PASS">
          <reporter-output>
          </reporter-output>
        </test-method> <!-- tearDownMethod -->
        <test-method is-config="true" signature="setUpMethod()[pri:0, instance:esttarea4.Esttarea4NGTest@6b1274d2]" started-at="2021-02-02T21:30:11Z" name="setUpMethod" finished-at="2021-02-02T21:30:11Z" duration-ms="1" status="PASS">
          <reporter-output>
          </reporter-output>
        </test-method> <!-- setUpMethod -->
        <test-method signature="testInsertionSortOrden()[pri:0, instance:esttarea4.Esttarea4NGTest@6b1274d2]" started-at="2021-02-02T21:30:11Z" name="testInsertionSortOrden" finished-at="2021-02-02T21:30:11Z" duration-ms="1" status="PASS">
          <reporter-output>
          </reporter-output>
        </test-method> <!-- testInsertionSortOrden -->
        <test-method is-config="true" signature="tearDownMethod()[pri:0, instance:esttarea4.Esttarea4NGTest@6b1274d2]" started-at="2021-02-02T21:30:11Z" name="tearDownMethod" finished-at="2021-02-02T21:30:11Z" duration-ms="1" status="PASS">
          <reporter-output>
          </reporter-output>
        </test-method> <!-- tearDownMethod -->
        <test-method is-config="true" signature="setUpMethod()[pri:0, instance:esttarea4.Esttarea4NGTest@6b1274d2]" started-at="2021-02-02T21:30:11Z" name="setUpMethod" finished-at="2021-02-02T21:30:11Z" duration-ms="1" status="PASS">
          <reporter-output>
          </reporter-output>
        </test-method> <!-- setUpMethod -->
        <test-method signature="testInsertionSortUnico()[pri:0, instance:esttarea4.Esttarea4NGTest@6b1274d2]" started-at="2021-02-02T21:30:11Z" name="testInsertionSortUnico" finished-at="2021-02-02T21:30:11Z" duration-ms="2" status="PASS">
          <reporter-output>
          </reporter-output>
        </test-method> <!-- testInsertionSortUnico -->
        <test-method is-config="true" signature="tearDownMethod()[pri:0, instance:esttarea4.Esttarea4NGTest@6b1274d2]" started-at="2021-02-02T21:30:11Z" name="tearDownMethod" finished-at="2021-02-02T21:30:11Z" duration-ms="1" status="PASS">
          <reporter-output>
          </reporter-output>
        </test-method> <!-- tearDownMethod -->
        <test-method is-config="true" signature="setUpMethod()[pri:0, instance:esttarea4.Esttarea4NGTest@6b1274d2]" started-at="2021-02-02T21:30:11Z" name="setUpMethod" finished-at="2021-02-02T21:30:11Z" duration-ms="1" status="PASS">
          <reporter-output>
          </reporter-output>
        </test-method> <!-- setUpMethod -->
        <test-method signature="testInsertionSortUnoDesorden()[pri:0, instance:esttarea4.Esttarea4NGTest@6b1274d2]" started-at="2021-02-02T21:30:11Z" name="testInsertionSortUnoDesorden" finished-at="2021-02-02T21:30:11Z" duration-ms="7" status="PASS">
          <reporter-output>
          </reporter-output>
        </test-method> <!-- testInsertionSortUnoDesorden -->
        <test-method is-config="true" signature="tearDownMethod()[pri:0, instance:esttarea4.Esttarea4NGTest@6b1274d2]" started-at="2021-02-02T21:30:11Z" name="tearDownMethod" finished-at="2021-02-02T21:30:11Z" duration-ms="0" status="PASS">
          <reporter-output>
          </reporter-output>
        </test-method> <!-- tearDownMethod -->
        <test-method is-config="true" signature="setUpMethod()[pri:0, instance:esttarea4.Esttarea4NGTest@6b1274d2]" started-at="2021-02-02T21:30:11Z" name="setUpMethod" finished-at="2021-02-02T21:30:11Z" duration-ms="1" status="PASS">
          <reporter-output>
          </reporter-output>
        </test-method> <!-- setUpMethod -->
        <test-method signature="testSelectionSortDesorden()[pri:0, instance:esttarea4.Esttarea4NGTest@6b1274d2]" started-at="2021-02-02T21:30:11Z" name="testSelectionSortDesorden" finished-at="2021-02-02T21:30:11Z" duration-ms="2" status="PASS">
          <reporter-output>
          </reporter-output>
        </test-method> <!-- testSelectionSortDesorden -->
        <test-method is-config="true" signature="tearDownMethod()[pri:0, instance:esttarea4.Esttarea4NGTest@6b1274d2]" started-at="2021-02-02T21:30:11Z" name="tearDownMethod" finished-at="2021-02-02T21:30:11Z" duration-ms="0" status="PASS">
          <reporter-output>
          </reporter-output>
        </test-method> <!-- tearDownMethod -->
        <test-method is-config="true" signature="setUpMethod()[pri:0, instance:esttarea4.Esttarea4NGTest@6b1274d2]" started-at="2021-02-02T21:30:11Z" name="setUpMethod" finished-at="2021-02-02T21:30:11Z" duration-ms="1" status="PASS">
          <reporter-output>
          </reporter-output>
        </test-method> <!-- setUpMethod -->
        <test-method signature="testSelectionSortDesordenTotal()[pri:0, instance:esttarea4.Esttarea4NGTest@6b1274d2]" started-at="2021-02-02T21:30:11Z" name="testSelectionSortDesordenTotal" finished-at="2021-02-02T21:30:11Z" duration-ms="1" status="PASS">
          <reporter-output>
          </reporter-output>
        </test-method> <!-- testSelectionSortDesordenTotal -->
        <test-method is-config="true" signature="tearDownMethod()[pri:0, instance:esttarea4.Esttarea4NGTest@6b1274d2]" started-at="2021-02-02T21:30:11Z" name="tearDownMethod" finished-at="2021-02-02T21:30:11Z" duration-ms="0" status="PASS">
          <reporter-output>
          </reporter-output>
        </test-method> <!-- tearDownMethod -->
        <test-method is-config="true" signature="setUpMethod()[pri:0, instance:esttarea4.Esttarea4NGTest@6b1274d2]" started-at="2021-02-02T21:30:11Z" name="setUpMethod" finished-at="2021-02-02T21:30:11Z" duration-ms="0" status="PASS">
          <reporter-output>
          </reporter-output>
        </test-method> <!-- setUpMethod -->
        <test-method signature="testSelectionSortMuchos()[pri:0, instance:esttarea4.Esttarea4NGTest@6b1274d2]" started-at="2021-02-02T21:30:11Z" name="testSelectionSortMuchos" finished-at="2021-02-02T21:30:11Z" duration-ms="0" status="PASS">
          <reporter-output>
          </reporter-output>
        </test-method> <!-- testSelectionSortMuchos -->
        <test-method is-config="true" signature="tearDownMethod()[pri:0, instance:esttarea4.Esttarea4NGTest@6b1274d2]" started-at="2021-02-02T21:30:11Z" name="tearDownMethod" finished-at="2021-02-02T21:30:11Z" duration-ms="1" status="PASS">
          <reporter-output>
          </reporter-output>
        </test-method> <!-- tearDownMethod -->
        <test-method is-config="true" signature="setUpMethod()[pri:0, instance:esttarea4.Esttarea4NGTest@6b1274d2]" started-at="2021-02-02T21:30:11Z" name="setUpMethod" finished-at="2021-02-02T21:30:11Z" duration-ms="1" status="PASS">
          <reporter-output>
          </reporter-output>
        </test-method> <!-- setUpMethod -->
        <test-method signature="testSelectionSortOrden()[pri:0, instance:esttarea4.Esttarea4NGTest@6b1274d2]" started-at="2021-02-02T21:30:11Z" name="testSelectionSortOrden" finished-at="2021-02-02T21:30:11Z" duration-ms="3" status="PASS">
          <reporter-output>
          </reporter-output>
        </test-method> <!-- testSelectionSortOrden -->
        <test-method is-config="true" signature="tearDownMethod()[pri:0, instance:esttarea4.Esttarea4NGTest@6b1274d2]" started-at="2021-02-02T21:30:11Z" name="tearDownMethod" finished-at="2021-02-02T21:30:11Z" duration-ms="0" status="PASS">
          <reporter-output>
          </reporter-output>
        </test-method> <!-- tearDownMethod -->
        <test-method is-config="true" signature="setUpMethod()[pri:0, instance:esttarea4.Esttarea4NGTest@6b1274d2]" started-at="2021-02-02T21:30:11Z" name="setUpMethod" finished-at="2021-02-02T21:30:11Z" duration-ms="1" status="PASS">
          <reporter-output>
          </reporter-output>
        </test-method> <!-- setUpMethod -->
        <test-method signature="testSelectionSortUnico()[pri:0, instance:esttarea4.Esttarea4NGTest@6b1274d2]" started-at="2021-02-02T21:30:11Z" name="testSelectionSortUnico" finished-at="2021-02-02T21:30:11Z" duration-ms="1" status="PASS">
          <reporter-output>
          </reporter-output>
        </test-method> <!-- testSelectionSortUnico -->
        <test-method is-config="true" signature="tearDownMethod()[pri:0, instance:esttarea4.Esttarea4NGTest@6b1274d2]" started-at="2021-02-02T21:30:11Z" name="tearDownMethod" finished-at="2021-02-02T21:30:11Z" duration-ms="0" status="PASS">
          <reporter-output>
          </reporter-output>
        </test-method> <!-- tearDownMethod -->
        <test-method is-config="true" signature="setUpMethod()[pri:0, instance:esttarea4.Esttarea4NGTest@6b1274d2]" started-at="2021-02-02T21:30:11Z" name="setUpMethod" finished-at="2021-02-02T21:30:11Z" duration-ms="2" status="PASS">
          <reporter-output>
          </reporter-output>
        </test-method> <!-- setUpMethod -->
        <test-method signature="testSelectionSortUnoDesorden()[pri:0, instance:esttarea4.Esttarea4NGTest@6b1274d2]" started-at="2021-02-02T21:30:11Z" name="testSelectionSortUnoDesorden" finished-at="2021-02-02T21:30:11Z" duration-ms="0" status="PASS">
          <reporter-output>
          </reporter-output>
        </test-method> <!-- testSelectionSortUnoDesorden -->
        <test-method is-config="true" signature="tearDownMethod()[pri:0, instance:esttarea4.Esttarea4NGTest@6b1274d2]" started-at="2021-02-02T21:30:11Z" name="tearDownMethod" finished-at="2021-02-02T21:30:11Z" duration-ms="1" status="PASS">
          <reporter-output>
          </reporter-output>
        </test-method> <!-- tearDownMethod -->
        <test-method is-config="true" signature="tearDownClass()[pri:0, instance:esttarea4.Esttarea4NGTest@6b1274d2]" started-at="2021-02-02T21:30:11Z" name="tearDownClass" finished-at="2021-02-02T21:30:11Z" duration-ms="1" status="PASS">
          <reporter-output>
          </reporter-output>
        </test-method> <!-- tearDownClass -->
      </class> <!-- esttarea4.Esttarea4NGTest -->
    </test> <!-- TestNG tests -->
  </suite> <!-- Esttarea4 -->
</testng-results>
